0 info it worked if it ends with ok
1 verbose cli [ '/usr/bin/nodejs', '/usr/bin/npm', 'install' ]
2 info using npm@3.5.2
3 info using node@v4.2.6
4 silly loadCurrentTree Starting
5 silly install loadCurrentTree
6 silly install readLocalPackageData
7 silly install normalizeTree
8 silly loadCurrentTree Finishing
9 silly loadIdealTree Starting
10 silly install loadIdealTree
11 silly cloneCurrentTree Starting
12 silly install cloneCurrentTreeToIdealTree
13 silly cloneCurrentTree Finishing
14 silly loadShrinkwrap Starting
15 silly install loadShrinkwrap
16 silly loadShrinkwrap Finishing
17 silly loadAllDepsIntoIdealTree Starting
18 silly install loadAllDepsIntoIdealTree
19 silly fetchNamedPackageData flag-icon-css
20 silly mapToRegistry name flag-icon-css
21 silly mapToRegistry using default registry
22 silly mapToRegistry registry https://registry.npmjs.org/
23 silly mapToRegistry uri https://registry.npmjs.org/flag-icon-css
24 silly fetchNamedPackageData font-awesome
25 silly mapToRegistry name font-awesome
26 silly mapToRegistry using default registry
27 silly mapToRegistry registry https://registry.npmjs.org/
28 silly mapToRegistry uri https://registry.npmjs.org/font-awesome
29 silly fetchNamedPackageData popper.js
30 silly mapToRegistry name popper.js
31 silly mapToRegistry using default registry
32 silly mapToRegistry registry https://registry.npmjs.org/
33 silly mapToRegistry uri https://registry.npmjs.org/popper.js
34 verbose request uri https://registry.npmjs.org/flag-icon-css
35 verbose request no auth needed
36 info attempt registry request try #1 at 09:53:14
37 verbose request id 5870aac069f66a8f
38 http request GET https://registry.npmjs.org/flag-icon-css
39 verbose request uri https://registry.npmjs.org/font-awesome
40 verbose request no auth needed
41 info attempt registry request try #1 at 09:53:14
42 http request GET https://registry.npmjs.org/font-awesome
43 verbose request uri https://registry.npmjs.org/popper.js
44 verbose request no auth needed
45 info attempt registry request try #1 at 09:53:14
46 http request GET https://registry.npmjs.org/popper.js
47 http 200 https://registry.npmjs.org/font-awesome
48 verbose headers { server: 'nginx/1.10.1',
48 verbose headers   'content-type': 'application/json',
48 verbose headers   'last-modified': 'Thu, 28 Sep 2017 12:49:11 GMT',
48 verbose headers   etag: 'W/"59ccefc7-57ef"',
48 verbose headers   'content-encoding': 'gzip',
48 verbose headers   'cache-control': 'max-age=300',
48 verbose headers   'content-length': '4771',
48 verbose headers   'accept-ranges': 'bytes',
48 verbose headers   date: 'Thu, 12 Oct 2017 07:53:14 GMT',
48 verbose headers   via: '1.1 varnish',
48 verbose headers   age: '142',
48 verbose headers   connection: 'keep-alive',
48 verbose headers   'x-served-by': 'cache-cdg8723-CDG',
48 verbose headers   'x-cache': 'HIT',
48 verbose headers   'x-cache-hits': '1',
48 verbose headers   'x-timer': 'S1507794795.815608,VS0,VE1',
48 verbose headers   vary: 'Accept-Encoding, Accept' }
49 silly get cb [ 200,
49 silly get   { server: 'nginx/1.10.1',
49 silly get     'content-type': 'application/json',
49 silly get     'last-modified': 'Thu, 28 Sep 2017 12:49:11 GMT',
49 silly get     etag: 'W/"59ccefc7-57ef"',
49 silly get     'content-encoding': 'gzip',
49 silly get     'cache-control': 'max-age=300',
49 silly get     'content-length': '4771',
49 silly get     'accept-ranges': 'bytes',
49 silly get     date: 'Thu, 12 Oct 2017 07:53:14 GMT',
49 silly get     via: '1.1 varnish',
49 silly get     age: '142',
49 silly get     connection: 'keep-alive',
49 silly get     'x-served-by': 'cache-cdg8723-CDG',
49 silly get     'x-cache': 'HIT',
49 silly get     'x-cache-hits': '1',
49 silly get     'x-timer': 'S1507794795.815608,VS0,VE1',
49 silly get     vary: 'Accept-Encoding, Accept' } ]
50 verbose get saving font-awesome to /home/nemesys/.npm/registry.npmjs.org/font-awesome/.cache.json
51 silly resolveWithNewModule font-awesome@4.7.0 checking installable status
52 silly cache add args [ 'font-awesome@^4.7.0', null ]
53 verbose cache add spec font-awesome@^4.7.0
54 silly cache add parsed spec Result {
54 silly cache add   raw: 'font-awesome@^4.7.0',
54 silly cache add   scope: null,
54 silly cache add   name: 'font-awesome',
54 silly cache add   rawSpec: '^4.7.0',
54 silly cache add   spec: '>=4.7.0 <5.0.0',
54 silly cache add   type: 'range' }
55 silly addNamed font-awesome@>=4.7.0 <5.0.0
56 verbose addNamed ">=4.7.0 <5.0.0" is a valid semver range for font-awesome
57 silly addNameRange { name: 'font-awesome', range: '>=4.7.0 <5.0.0', hasData: false }
58 silly mapToRegistry name font-awesome
59 silly mapToRegistry using default registry
60 silly mapToRegistry registry https://registry.npmjs.org/
61 silly mapToRegistry uri https://registry.npmjs.org/font-awesome
62 verbose addNameRange registry:https://registry.npmjs.org/font-awesome not in flight; fetching
63 verbose get https://registry.npmjs.org/font-awesome not expired, no request
64 silly addNameRange number 2 { name: 'font-awesome', range: '>=4.7.0 <5.0.0', hasData: true }
65 silly addNameRange versions [ 'font-awesome',
65 silly addNameRange   [ '3.2.1',
65 silly addNameRange     '4.0.3',
65 silly addNameRange     '4.1.0',
65 silly addNameRange     '4.2.0',
65 silly addNameRange     '4.3.0',
65 silly addNameRange     '4.4.0',
65 silly addNameRange     '4.5.0',
65 silly addNameRange     '4.6.1',
65 silly addNameRange     '4.6.3',
65 silly addNameRange     '4.7.0' ] ]
66 silly addNamed font-awesome@4.7.0
67 verbose addNamed "4.7.0" is a plain semver version for font-awesome
68 silly mapToRegistry name font-awesome
69 silly mapToRegistry using default registry
70 silly mapToRegistry registry https://registry.npmjs.org/
71 silly mapToRegistry uri https://registry.npmjs.org/font-awesome
72 verbose addRemoteTarball https://registry.npmjs.org/font-awesome/-/font-awesome-4.7.0.tgz not in flight; adding
73 verbose addRemoteTarball [ 'https://registry.npmjs.org/font-awesome/-/font-awesome-4.7.0.tgz',
73 verbose addRemoteTarball   '8fa8cf0411a1a31afd07b06d2902bb9fc815a133' ]
74 info retry fetch attempt 1 at 09:53:16
75 info attempt registry request try #1 at 09:53:16
76 http fetch GET https://registry.npmjs.org/font-awesome/-/font-awesome-4.7.0.tgz
77 http 200 https://registry.npmjs.org/flag-icon-css
78 verbose headers { server: 'nginx/1.10.1',
78 verbose headers   'content-type': 'application/json',
78 verbose headers   'last-modified': 'Sat, 16 Sep 2017 06:40:37 GMT',
78 verbose headers   etag: 'W/"59bcc765-48bc"',
78 verbose headers   'content-encoding': 'gzip',
78 verbose headers   'cache-control': 'max-age=300',
78 verbose headers   'content-length': '3172',
78 verbose headers   'accept-ranges': 'bytes',
78 verbose headers   date: 'Thu, 12 Oct 2017 07:53:14 GMT',
78 verbose headers   via: '1.1 varnish',
78 verbose headers   age: '0',
78 verbose headers   connection: 'keep-alive',
78 verbose headers   'x-served-by': 'cache-cdg8735-CDG',
78 verbose headers   'x-cache': 'MISS',
78 verbose headers   'x-cache-hits': '0',
78 verbose headers   'x-timer': 'S1507794795.810813,VS0,VE107',
78 verbose headers   vary: 'Accept-Encoding, Accept' }
79 silly get cb [ 200,
79 silly get   { server: 'nginx/1.10.1',
79 silly get     'content-type': 'application/json',
79 silly get     'last-modified': 'Sat, 16 Sep 2017 06:40:37 GMT',
79 silly get     etag: 'W/"59bcc765-48bc"',
79 silly get     'content-encoding': 'gzip',
79 silly get     'cache-control': 'max-age=300',
79 silly get     'content-length': '3172',
79 silly get     'accept-ranges': 'bytes',
79 silly get     date: 'Thu, 12 Oct 2017 07:53:14 GMT',
79 silly get     via: '1.1 varnish',
79 silly get     age: '0',
79 silly get     connection: 'keep-alive',
79 silly get     'x-served-by': 'cache-cdg8735-CDG',
79 silly get     'x-cache': 'MISS',
79 silly get     'x-cache-hits': '0',
79 silly get     'x-timer': 'S1507794795.810813,VS0,VE107',
79 silly get     vary: 'Accept-Encoding, Accept' } ]
80 verbose get saving flag-icon-css to /home/nemesys/.npm/registry.npmjs.org/flag-icon-css/.cache.json
81 silly resolveWithNewModule flag-icon-css@2.8.0 checking installable status
82 silly cache add args [ 'flag-icon-css@^2.8.0', null ]
83 verbose cache add spec flag-icon-css@^2.8.0
84 silly cache add parsed spec Result {
84 silly cache add   raw: 'flag-icon-css@^2.8.0',
84 silly cache add   scope: null,
84 silly cache add   name: 'flag-icon-css',
84 silly cache add   rawSpec: '^2.8.0',
84 silly cache add   spec: '>=2.8.0 <3.0.0',
84 silly cache add   type: 'range' }
85 silly addNamed flag-icon-css@>=2.8.0 <3.0.0
86 verbose addNamed ">=2.8.0 <3.0.0" is a valid semver range for flag-icon-css
87 silly addNameRange { name: 'flag-icon-css',
87 silly addNameRange   range: '>=2.8.0 <3.0.0',
87 silly addNameRange   hasData: false }
88 silly mapToRegistry name flag-icon-css
89 silly mapToRegistry using default registry
90 silly mapToRegistry registry https://registry.npmjs.org/
91 silly mapToRegistry uri https://registry.npmjs.org/flag-icon-css
92 verbose addNameRange registry:https://registry.npmjs.org/flag-icon-css not in flight; fetching
93 verbose get https://registry.npmjs.org/flag-icon-css not expired, no request
94 silly addNameRange number 2 { name: 'flag-icon-css', range: '>=2.8.0 <3.0.0', hasData: true }
95 silly addNameRange versions [ 'flag-icon-css',
95 silly addNameRange   [ '0.8.2',
95 silly addNameRange     '0.8.4',
95 silly addNameRange     '0.8.6',
95 silly addNameRange     '1.0.0',
95 silly addNameRange     '1.3.0',
95 silly addNameRange     '2.0.0',
95 silly addNameRange     '2.1.0',
95 silly addNameRange     '2.2.0',
95 silly addNameRange     '2.3.0',
95 silly addNameRange     '2.4.0',
95 silly addNameRange     '2.8.0' ] ]
96 silly addNamed flag-icon-css@2.8.0
97 verbose addNamed "2.8.0" is a plain semver version for flag-icon-css
98 silly mapToRegistry name flag-icon-css
99 silly mapToRegistry using default registry
100 silly mapToRegistry registry https://registry.npmjs.org/
101 silly mapToRegistry uri https://registry.npmjs.org/flag-icon-css
102 verbose addRemoteTarball https://registry.npmjs.org/flag-icon-css/-/flag-icon-css-2.8.0.tgz not in flight; adding
103 verbose addRemoteTarball [ 'https://registry.npmjs.org/flag-icon-css/-/flag-icon-css-2.8.0.tgz',
103 verbose addRemoteTarball   'ec10c20fe417ade787a095200630069ca436a569' ]
104 info retry fetch attempt 1 at 09:53:17
105 info attempt registry request try #1 at 09:53:17
106 http fetch GET https://registry.npmjs.org/flag-icon-css/-/flag-icon-css-2.8.0.tgz
107 http fetch 200 https://registry.npmjs.org/font-awesome/-/font-awesome-4.7.0.tgz
108 http fetch 200 https://registry.npmjs.org/flag-icon-css/-/flag-icon-css-2.8.0.tgz
109 http 200 https://registry.npmjs.org/popper.js
110 verbose headers { server: 'nginx/1.10.1',
110 verbose headers   'content-type': 'application/json',
110 verbose headers   'last-modified': 'Wed, 27 Sep 2017 06:31:24 GMT',
110 verbose headers   etag: 'W/"59cb45bc-3aaa6"',
110 verbose headers   'content-encoding': 'gzip',
110 verbose headers   'cache-control': 'max-age=300',
110 verbose headers   'content-length': '16416',
110 verbose headers   'accept-ranges': 'bytes',
110 verbose headers   date: 'Thu, 12 Oct 2017 07:53:14 GMT',
110 verbose headers   via: '1.1 varnish',
110 verbose headers   age: '0',
110 verbose headers   connection: 'keep-alive',
110 verbose headers   'x-served-by': 'cache-cdg8731-CDG',
110 verbose headers   'x-cache': 'HIT',
110 verbose headers   'x-cache-hits': '1',
110 verbose headers   'x-timer': 'S1507794795.815151,VS0,VE18',
110 verbose headers   vary: 'Accept-Encoding, Accept' }
111 silly get cb [ 200,
111 silly get   { server: 'nginx/1.10.1',
111 silly get     'content-type': 'application/json',
111 silly get     'last-modified': 'Wed, 27 Sep 2017 06:31:24 GMT',
111 silly get     etag: 'W/"59cb45bc-3aaa6"',
111 silly get     'content-encoding': 'gzip',
111 silly get     'cache-control': 'max-age=300',
111 silly get     'content-length': '16416',
111 silly get     'accept-ranges': 'bytes',
111 silly get     date: 'Thu, 12 Oct 2017 07:53:14 GMT',
111 silly get     via: '1.1 varnish',
111 silly get     age: '0',
111 silly get     connection: 'keep-alive',
111 silly get     'x-served-by': 'cache-cdg8731-CDG',
111 silly get     'x-cache': 'HIT',
111 silly get     'x-cache-hits': '1',
111 silly get     'x-timer': 'S1507794795.815151,VS0,VE18',
111 silly get     vary: 'Accept-Encoding, Accept' } ]
112 verbose get saving popper.js to /home/nemesys/.npm/registry.npmjs.org/popper.js/.cache.json
113 silly resolveWithNewModule popper.js@1.12.5 checking installable status
114 silly cache add args [ 'popper.js@^1.12.5', null ]
115 verbose cache add spec popper.js@^1.12.5
116 silly cache add parsed spec Result {
116 silly cache add   raw: 'popper.js@^1.12.5',
116 silly cache add   scope: null,
116 silly cache add   name: 'popper.js',
116 silly cache add   rawSpec: '^1.12.5',
116 silly cache add   spec: '>=1.12.5 <2.0.0',
116 silly cache add   type: 'range' }
117 silly addNamed popper.js@>=1.12.5 <2.0.0
118 verbose addNamed ">=1.12.5 <2.0.0" is a valid semver range for popper.js
119 silly addNameRange { name: 'popper.js', range: '>=1.12.5 <2.0.0', hasData: false }
120 silly mapToRegistry name popper.js
121 silly mapToRegistry using default registry
122 silly mapToRegistry registry https://registry.npmjs.org/
123 silly mapToRegistry uri https://registry.npmjs.org/popper.js
124 verbose addNameRange registry:https://registry.npmjs.org/popper.js not in flight; fetching
125 verbose get https://registry.npmjs.org/popper.js not expired, no request
126 silly addNameRange number 2 { name: 'popper.js', range: '>=1.12.5 <2.0.0', hasData: true }
127 silly addNameRange versions [ 'popper.js',
127 silly addNameRange   [ '0.2.0',
127 silly addNameRange     '0.2.1',
127 silly addNameRange     '0.2.2',
127 silly addNameRange     '0.2.3',
127 silly addNameRange     '0.2.4',
127 silly addNameRange     '0.2.5',
127 silly addNameRange     '0.2.6',
127 silly addNameRange     '0.3.0',
127 silly addNameRange     '0.3.1',
127 silly addNameRange     '0.3.2',
127 silly addNameRange     '0.3.3',
127 silly addNameRange     '0.3.4',
127 silly addNameRange     '0.3.5',
127 silly addNameRange     '0.3.6',
127 silly addNameRange     '0.3.7',
127 silly addNameRange     '0.3.8',
127 silly addNameRange     '0.4.0',
127 silly addNameRange     '0.4.1',
127 silly addNameRange     '0.4.2',
127 silly addNameRange     '0.5.0',
127 silly addNameRange     '0.5.1',
127 silly addNameRange     '0.5.2',
127 silly addNameRange     '0.5.3',
127 silly addNameRange     '0.6.0',
127 silly addNameRange     '1.0.0-alpha.1',
127 silly addNameRange     '1.0.0-alpha.2',
127 silly addNameRange     '0.6.1',
127 silly addNameRange     '0.6.2',
127 silly addNameRange     '0.6.3',
127 silly addNameRange     '0.6.4',
127 silly addNameRange     '1.0.0-alpha.3',
127 silly addNameRange     '1.0.0-alpha.4',
127 silly addNameRange     '1.0.0-alpha.5',
127 silly addNameRange     '1.0.0-alpha.6',
127 silly addNameRange     '1.0.0-alpha.7',
127 silly addNameRange     '1.0.0-alpha.8',
127 silly addNameRange     '1.0.0-beta.1',
127 silly addNameRange     '1.0.0-beta.2',
127 silly addNameRange     '1.0.0-beta.3',
127 silly addNameRange     '1.0.0-beta.4',
127 silly addNameRange     '1.0.0-beta.5',
127 silly addNameRange     '1.0.0',
127 silly addNameRange     '1.0.1',
127 silly addNameRange     '1.0.2',
127 silly addNameRange     '1.0.3',
127 silly addNameRange     '1.0.4',
127 silly addNameRange     '1.0.5',
127 silly addNameRange     '1.0.6',
127 silly addNameRange     '1.0.7',
127 silly addNameRange     '1.0.8',
127 silly addNameRange     '1.5.0',
127 silly addNameRange     '1.5.1-pre',
127 silly addNameRange     '1.5.1-pre.2',
127 silly addNameRange     '1.5.1',
127 silly addNameRange     '1.5.2',
127 silly addNameRange     '1.6.0',
127 silly addNameRange     '1.7.0',
127 silly addNameRange     '1.8.0',
127 silly addNameRange     '1.8.1',
127 silly addNameRange     '1.8.2',
127 silly addNameRange     '1.8.3',
127 silly addNameRange     '1.8.4',
127 silly addNameRange     '1.8.5',
127 silly addNameRange     '1.8.6',
127 silly addNameRange     '1.9.0',
127 silly addNameRange     '1.9.1',
127 silly addNameRange     '1.9.2',
127 silly addNameRange     '1.9.3',
127 silly addNameRange     '1.9.4',
127 silly addNameRange     '1.9.5',
127 silly addNameRange     '1.9.6',
127 silly addNameRange     '1.9.7',
127 silly addNameRange     '1.9.8',
127 silly addNameRange     '1.9.9',
127 silly addNameRange     '1.10.0',
127 silly addNameRange     '1.10.1',
127 silly addNameRange     '1.10.2',
127 silly addNameRange     '1.10.3',
127 silly addNameRange     '1.10.4',
127 silly addNameRange     '1.10.5',
127 silly addNameRange     '1.10.6',
127 silly addNameRange     '1.10.7',
127 silly addNameRange     '1.10.8',
127 silly addNameRange     '1.11.0',
127 silly addNameRange     '1.11.1',
127 silly addNameRange     '1.12.0',
127 silly addNameRange     '1.12.1',
127 silly addNameRange     '1.12.2',
127 silly addNameRange     '1.12.3',
127 silly addNameRange     '1.12.4',
127 silly addNameRange     '1.12.5' ] ]
128 silly addNamed popper.js@1.12.5
129 verbose addNamed "1.12.5" is a plain semver version for popper.js
130 silly mapToRegistry name popper.js
131 silly mapToRegistry using default registry
132 silly mapToRegistry registry https://registry.npmjs.org/
133 silly mapToRegistry uri https://registry.npmjs.org/popper.js
134 verbose addRemoteTarball https://registry.npmjs.org/popper.js/-/popper.js-1.12.5.tgz not in flight; adding
135 verbose addRemoteTarball [ 'https://registry.npmjs.org/popper.js/-/popper.js-1.12.5.tgz',
135 verbose addRemoteTarball   '229e4dea01629e1f1a1e26991ffade5024220fa6' ]
136 info retry fetch attempt 1 at 09:53:20
137 info attempt registry request try #1 at 09:53:20
138 http fetch GET https://registry.npmjs.org/popper.js/-/popper.js-1.12.5.tgz
139 http fetch 200 https://registry.npmjs.org/popper.js/-/popper.js-1.12.5.tgz
140 silly fetchAndShaCheck shasum 229e4dea01629e1f1a1e26991ffade5024220fa6
141 verbose addTmpTarball /tmp/npm-4755-3512b783/registry.npmjs.org/popper.js/-/popper.js-1.12.5.tgz not in flight; adding
142 verbose addTmpTarball already have metadata; skipping unpack for popper.js@1.12.5
143 silly cache afterAdd popper.js@1.12.5
144 verbose afterAdd /home/nemesys/.npm/popper.js/1.12.5/package/package.json not in flight; writing
145 verbose afterAdd /home/nemesys/.npm/popper.js/1.12.5/package/package.json written
146 silly fetchAndShaCheck shasum 8fa8cf0411a1a31afd07b06d2902bb9fc815a133
147 verbose addTmpTarball /tmp/npm-4755-3512b783/registry.npmjs.org/font-awesome/-/font-awesome-4.7.0.tgz not in flight; adding
148 verbose addTmpTarball already have metadata; skipping unpack for font-awesome@4.7.0
149 silly cache afterAdd font-awesome@4.7.0
150 verbose afterAdd /home/nemesys/.npm/font-awesome/4.7.0/package/package.json not in flight; writing
151 verbose afterAdd /home/nemesys/.npm/font-awesome/4.7.0/package/package.json written
152 silly fetchAndShaCheck shasum ec10c20fe417ade787a095200630069ca436a569
153 verbose addTmpTarball /tmp/npm-4755-3512b783/registry.npmjs.org/flag-icon-css/-/flag-icon-css-2.8.0.tgz not in flight; adding
154 verbose addTmpTarball already have metadata; skipping unpack for flag-icon-css@2.8.0
155 silly cache afterAdd flag-icon-css@2.8.0
156 verbose afterAdd /home/nemesys/.npm/flag-icon-css/2.8.0/package/package.json not in flight; writing
157 verbose afterAdd /home/nemesys/.npm/flag-icon-css/2.8.0/package/package.json written
158 silly fetchNamedPackageData eslint-config-google
159 silly mapToRegistry name eslint-config-google
160 silly mapToRegistry using default registry
161 silly mapToRegistry registry https://registry.npmjs.org/
162 silly mapToRegistry uri https://registry.npmjs.org/eslint-config-google
163 verbose request uri https://registry.npmjs.org/eslint-config-google
164 verbose request no auth needed
165 info attempt registry request try #1 at 09:59:36
166 http request GET https://registry.npmjs.org/eslint-config-google
167 http 200 https://registry.npmjs.org/eslint-config-google
168 verbose headers { server: 'nginx/1.10.1',
168 verbose headers   'content-type': 'application/json',
168 verbose headers   'last-modified': 'Sat, 08 Jul 2017 06:10:06 GMT',
168 verbose headers   etag: 'W/"5960773e-529c"',
168 verbose headers   'content-encoding': 'gzip',
168 verbose headers   'cache-control': 'max-age=300',
168 verbose headers   'content-length': '3488',
168 verbose headers   'accept-ranges': 'bytes',
168 verbose headers   date: 'Thu, 12 Oct 2017 07:59:36 GMT',
168 verbose headers   via: '1.1 varnish',
168 verbose headers   age: '0',
168 verbose headers   connection: 'keep-alive',
168 verbose headers   'x-served-by': 'cache-cdg8720-CDG',
168 verbose headers   'x-cache': 'HIT',
168 verbose headers   'x-cache-hits': '1',
168 verbose headers   'x-timer': 'S1507795177.902156,VS0,VE16',
168 verbose headers   vary: 'Accept-Encoding, Accept' }
169 silly get cb [ 200,
169 silly get   { server: 'nginx/1.10.1',
169 silly get     'content-type': 'application/json',
169 silly get     'last-modified': 'Sat, 08 Jul 2017 06:10:06 GMT',
169 silly get     etag: 'W/"5960773e-529c"',
169 silly get     'content-encoding': 'gzip',
169 silly get     'cache-control': 'max-age=300',
169 silly get     'content-length': '3488',
169 silly get     'accept-ranges': 'bytes',
169 silly get     date: 'Thu, 12 Oct 2017 07:59:36 GMT',
169 silly get     via: '1.1 varnish',
169 silly get     age: '0',
169 silly get     connection: 'keep-alive',
169 silly get     'x-served-by': 'cache-cdg8720-CDG',
169 silly get     'x-cache': 'HIT',
169 silly get     'x-cache-hits': '1',
169 silly get     'x-timer': 'S1507795177.902156,VS0,VE16',
169 silly get     vary: 'Accept-Encoding, Accept' } ]
170 verbose get saving eslint-config-google to /home/nemesys/.npm/registry.npmjs.org/eslint-config-google/.cache.json
171 silly resolveWithNewModule eslint-config-google@0.9.1 checking installable status
172 silly cache add args [ 'eslint-config-google@^0.9.1', null ]
173 verbose cache add spec eslint-config-google@^0.9.1
174 silly cache add parsed spec Result {
174 silly cache add   raw: 'eslint-config-google@^0.9.1',
174 silly cache add   scope: null,
174 silly cache add   name: 'eslint-config-google',
174 silly cache add   rawSpec: '^0.9.1',
174 silly cache add   spec: '>=0.9.1 <0.10.0',
174 silly cache add   type: 'range' }
175 silly addNamed eslint-config-google@>=0.9.1 <0.10.0
176 verbose addNamed ">=0.9.1 <0.10.0" is a valid semver range for eslint-config-google
177 silly addNameRange { name: 'eslint-config-google',
177 silly addNameRange   range: '>=0.9.1 <0.10.0',
177 silly addNameRange   hasData: false }
178 silly mapToRegistry name eslint-config-google
179 silly mapToRegistry using default registry
180 silly mapToRegistry registry https://registry.npmjs.org/
181 silly mapToRegistry uri https://registry.npmjs.org/eslint-config-google
182 verbose addNameRange registry:https://registry.npmjs.org/eslint-config-google not in flight; fetching
183 verbose get https://registry.npmjs.org/eslint-config-google not expired, no request
184 silly addNameRange number 2 { name: 'eslint-config-google',
184 silly addNameRange   range: '>=0.9.1 <0.10.0',
184 silly addNameRange   hasData: true }
185 silly addNameRange versions [ 'eslint-config-google',
185 silly addNameRange   [ '0.1.0',
185 silly addNameRange     '0.2.0',
185 silly addNameRange     '0.3.0',
185 silly addNameRange     '0.4.0',
185 silly addNameRange     '0.5.0',
185 silly addNameRange     '0.6.0',
185 silly addNameRange     '0.7.0',
185 silly addNameRange     '0.7.1',
185 silly addNameRange     '0.8.0',
185 silly addNameRange     '0.8.1',
185 silly addNameRange     '0.9.0',
185 silly addNameRange     '0.9.1' ] ]
186 silly addNamed eslint-config-google@0.9.1
187 verbose addNamed "0.9.1" is a plain semver version for eslint-config-google
188 silly mapToRegistry name eslint-config-google
189 silly mapToRegistry using default registry
190 silly mapToRegistry registry https://registry.npmjs.org/
191 silly mapToRegistry uri https://registry.npmjs.org/eslint-config-google
192 verbose addRemoteTarball https://registry.npmjs.org/eslint-config-google/-/eslint-config-google-0.9.1.tgz not in flight; adding
193 verbose addRemoteTarball [ 'https://registry.npmjs.org/eslint-config-google/-/eslint-config-google-0.9.1.tgz',
193 verbose addRemoteTarball   '83353c3dba05f72bb123169a4094f4ff120391eb' ]
194 info retry fetch attempt 1 at 09:59:36
195 info attempt registry request try #1 at 09:59:36
196 http fetch GET https://registry.npmjs.org/eslint-config-google/-/eslint-config-google-0.9.1.tgz
197 http fetch 200 https://registry.npmjs.org/eslint-config-google/-/eslint-config-google-0.9.1.tgz
198 silly fetchAndShaCheck shasum 83353c3dba05f72bb123169a4094f4ff120391eb
199 verbose addTmpTarball /tmp/npm-4755-3512b783/registry.npmjs.org/eslint-config-google/-/eslint-config-google-0.9.1.tgz not in flight; adding
200 verbose addTmpTarball already have metadata; skipping unpack for eslint-config-google@0.9.1
201 silly cache afterAdd eslint-config-google@0.9.1
202 verbose afterAdd /home/nemesys/.npm/eslint-config-google/0.9.1/package/package.json not in flight; writing
203 verbose afterAdd /home/nemesys/.npm/eslint-config-google/0.9.1/package/package.json written
204 silly loadAllDepsIntoIdealTree Finishing
205 silly idealTree:prePrune bistrot_alice@1.0.0
205 silly idealTree:prePrune ├── bootstrap@4.0.0-beta
205 silly idealTree:prePrune ├── eslint-config-google@0.9.1
205 silly idealTree:prePrune ├── flag-icon-css@2.8.0
205 silly idealTree:prePrune ├── font-awesome@4.7.0
205 silly idealTree:prePrune ├── jquery@3.2.1
205 silly idealTree:prePrune └── popper.js@1.12.5
206 silly loadIdealTree Finishing
207 silly currentTree bistrot_alice@1.0.0
207 silly currentTree ├── bootstrap@4.0.0-beta
207 silly currentTree └── jquery@3.2.1
208 silly idealTree bistrot_alice@1.0.0
208 silly idealTree ├── bootstrap@4.0.0-beta
208 silly idealTree ├── eslint-config-google@0.9.1
208 silly idealTree ├── flag-icon-css@2.8.0
208 silly idealTree ├── font-awesome@4.7.0
208 silly idealTree ├── jquery@3.2.1
208 silly idealTree └── popper.js@1.12.5
209 silly generateActionsToTake Starting
210 silly install generateActionsToTake
211 warn checkPermissions Missing write access to /media/www-dev/private/bistrot_alice/bistrot_alice_projet/node_modules
212 silly rollbackFailedOptional Starting
213 silly rollbackFailedOptional Finishing
214 silly runTopLevelLifecycles Starting
215 silly runTopLevelLifecycles Finishing
216 silly install printInstalled
217 warn eslint-config-google@0.9.1 requires a peer of eslint@>=4.1.1 but none was installed.
218 warn bistrot_alice@1.0.0 No description
219 warn bistrot_alice@1.0.0 No repository field.
220 verbose stack Error: EACCES: permission denied, access '/media/www-dev/private/bistrot_alice/bistrot_alice_projet/node_modules'
220 verbose stack     at Error (native)
221 verbose cwd /media/www-dev/private/bistrot_alice/bistrot_alice_projet
222 error Linux 4.10.0-37-generic
223 error argv "/usr/bin/nodejs" "/usr/bin/npm" "install"
224 error node v4.2.6
225 error npm  v3.5.2
226 error path /media/www-dev/private/bistrot_alice/bistrot_alice_projet/node_modules
227 error code EACCES
228 error errno -13
229 error syscall access
230 error Error: EACCES: permission denied, access '/media/www-dev/private/bistrot_alice/bistrot_alice_projet/node_modules'
230 error     at Error (native)
230 error  { [Error: EACCES: permission denied, access '/media/www-dev/private/bistrot_alice/bistrot_alice_projet/node_modules']
230 error   errno: -13,
230 error   code: 'EACCES',
230 error   syscall: 'access',
230 error   path: '/media/www-dev/private/bistrot_alice/bistrot_alice_projet/node_modules' }
231 error Please try running this command again as root/Administrator.
232 verbose exit [ -13, true ]
